<?xml version="1.0" encoding="UTF-8"?>
<!-- Generated by org.testng.reporters.JUnitReportReporter -->
<testsuite skipped="0" hostname="LAP032" name="xamplifyLive.ManageCampagins" tests="1" failures="0" timestamp="03 Apr 2019 13:38:22 GMT" time="378.333" errors="0">
  <testcase name="manage_campaign" time="378.333" classname="xamplifyLive.ManageCampagins"/>
</testsuite> <!-- xamplifyLive.ManageCampagins -->
