<?xml version="1.0" encoding="UTF-8"?>
<!-- Generated by org.testng.reporters.JUnitReportReporter -->
<testsuite skipped="0" hostname="LAP032" name="xamplifyLive.VideoCampaign" tests="8" failures="0" timestamp="03 Apr 2019 13:38:22 GMT" time="2451.948" errors="0">
  <testcase name="vde_autovistit1" time="273.680" classname="xamplifyLive.VideoCampaign"/>
  <testcase name="vde_autovistit2" time="321.713" classname="xamplifyLive.VideoCampaign"/>
  <testcase name="vde_autovistit3" time="314.112" classname="xamplifyLive.VideoCampaign"/>
  <testcase name="vde_autovistitemail1" time="300.517" classname="xamplifyLive.VideoCampaign"/>
  <testcase name="vde_autovistitemail2" time="340.975" classname="xamplifyLive.VideoCampaign"/>
  <testcase name="vde_autovistitemail3" time="299.940" classname="xamplifyLive.VideoCampaign"/>
  <testcase name="vde_autovistitemail4" time="301.380" classname="xamplifyLive.VideoCampaign"/>
  <testcase name="vde_autovistitemail5" time="299.631" classname="xamplifyLive.VideoCampaign"/>
</testsuite> <!-- xamplifyLive.VideoCampaign -->
