<?xml version="1.0" encoding="UTF-8"?>
<!-- Generated by org.testng.reporters.JUnitReportReporter -->
<testsuite skipped="1" hostname="LAP032" name="xamplifyLive.Login" tests="3" failures="0" timestamp="05 Apr 2019 12:43:10 GMT" time="42.849" errors="0">
  <testcase name="start" time="13.850" classname="xamplifyLive.Login"/>
  <testcase name="login" time="28.999" classname="xamplifyLive.Login"/>
  <testcase name="registration_vendor" classname="xamplifyLive.Login">
    <skipped/>
  </testcase> <!-- registration_vendor -->
</testsuite> <!-- xamplifyLive.Login -->
