<?xml version="1.0" encoding="UTF-8"?>
<!-- Generated by org.testng.reporters.JUnitReportReporter -->
<testsuite skipped="1" hostname="LAP032" name="xamplifyLive.Login" tests="3" failures="0" timestamp="08 Apr 2019 06:41:13 GMT" time="37.650" errors="0">
  <testcase name="start" time="16.866" classname="xamplifyLive.Login"/>
  <testcase name="login" time="20.784" classname="xamplifyLive.Login"/>
  <testcase name="registration_vendor" classname="xamplifyLive.Login">
    <skipped/>
  </testcase> <!-- registration_vendor -->
</testsuite> <!-- xamplifyLive.Login -->
