<?xml version="1.0" encoding="UTF-8"?>
<!-- Generated by org.testng.reporters.JUnitReportReporter -->
<testsuite skipped="0" hostname="LAP032" name="NewTest" tests="1" failures="0" timestamp="24 Jan 2019 04:54:38 GMT" time="0.015" errors="0">
  <testcase name="f" time="0.015" classname="NewTest"/>
</testsuite> <!-- NewTest -->
