<?xml version="1.0" encoding="UTF-8"?>
<!-- Generated by org.testng.reporters.JUnitReportReporter -->
<testsuite skipped="0" hostname="LAP032" name="xamplifyLive.Team" tests="1" failures="0" timestamp="08 Apr 2019 06:41:13 GMT" time="64.255" errors="0">
  <testcase name="team" time="64.255" classname="xamplifyLive.Team"/>
</testsuite> <!-- xamplifyLive.Team -->
