<?xml version="1.0" encoding="UTF-8"?>
<!-- Generated by org.testng.reporters.JUnitReportReporter -->
<testsuite skipped="0" hostname="LAP032" name="xamplifyLive.EmailCampaign" tests="6" failures="0" timestamp="03 Apr 2019 13:38:22 GMT" time="3226.004" errors="0">
  <testcase name="email_savetest" time="549.522" classname="xamplifyLive.EmailCampaign"/>
  <testcase name="email_now" time="507.160" classname="xamplifyLive.EmailCampaign"/>
  <testcase name="email_schedule" time="565.728" classname="xamplifyLive.EmailCampaign"/>
  <testcase name="email_savetest1" time="523.338" classname="xamplifyLive.EmailCampaign"/>
  <testcase name="email_now1" time="529.750" classname="xamplifyLive.EmailCampaign"/>
  <testcase name="email_schedule1" time="550.506" classname="xamplifyLive.EmailCampaign"/>
</testsuite> <!-- xamplifyLive.EmailCampaign -->
